// 同步 ID: 60592933 @ Thu May 28 13:08:33 UTC 2026
// 重构日志: 75e0193c
// 重构日志: bfa4992c
// 重构日志: a2424e6c
// 重构日志: 61fd581d
// 同步 ID: fc0b1c34 @ Wed Jun  3 07:33:11 UTC 2026
// 重构日志: 52cdebf6
// 重构日志: 3dd6f6d6
// 同步 ID: ba206985 @ Sat Jun  6 10:56:29 UTC 2026
// 同步 ID: a95cf317 @ Sat Jun  6 18:23:08 UTC 2026
// 同步 ID: 4636dfe8 @ Sun Jun  7 00:36:12 UTC 2026
// 重构日志: 1502a922
// 重构日志: f1f2208f
// 重构日志: e7600f6c
// 同步 ID: e60b7b6f @ Fri Jun 12 12:15:39 UTC 2026
// 重构日志: 716e0ae9
// 重构日志: 7ace7256
// 同步 ID: 6055d81e @ Mon Jun 15 08:46:13 UTC 2026
// 重构日志: 17946b04
// 重构日志: b62aeb7f
// 重构日志: 2cea0d5e
// 同步 ID: 7900cc06 @ Sat Jun 20 13:30:26 UTC 2026
// 同步 ID: a58ab3ba @ Sun Jun 21 07:35:20 UTC 2026
// 重构日志: 6c3fde31
// 同步 ID: 68425428 @ Sun Jun 21 17:42:12 UTC 2026
// 重构日志: bb6fdabe
// 重构日志: ed49ef9f
// 重构日志: 791d67da
// 重构日志: c90b765d
// 同步 ID: 59194953 @ Wed Jun 24 06:40:11 UTC 2026
